<?xml version="1.0" encoding="UTF-8"?>
<testng-results ignored="0" total="1" passed="1" failed="0" skipped="0">
  <reporter-output>
  </reporter-output>
  <suite started-at="2024-12-25T12:41:01 IST" name="Default suite" finished-at="2024-12-25T12:41:04 IST" duration-ms="2614">
    <groups>
    </groups>
    <test started-at="2024-12-25T12:41:01 IST" name="Default test" finished-at="2024-12-25T12:41:04 IST" duration-ms="2614">
      <class name="com.api.tests.UpdateProfileTest">
        <test-method signature="updateProfile()[pri:0, instance:com.api.tests.UpdateProfileTest@5876a9af]" started-at="2024-12-25T12:41:01 IST" name="updateProfile" description="Verify if the update API is working" finished-at="2024-12-25T12:41:04 IST" duration-ms="2567" status="PASS">
          <reporter-output>
          </reporter-output>
        </test-method> <!-- updateProfile -->
      </class> <!-- com.api.tests.UpdateProfileTest -->
    </test> <!-- Default test -->
  </suite> <!-- Default suite -->
</testng-results>
